2025-07-30 08:17:28,116 - INFO - === 开始执行微信文章归档工具 ===
2025-07-30 08:17:28,117 - INFO - 数据文件: data.json
2025-07-30 08:17:28,117 - INFO - 可执行文件: ./bin/wechatmp2markdown-v1.1.11_linux_amd64
2025-07-30 08:17:28,117 - INFO - 文档目录: doc
2025-07-30 08:17:28,149 - INFO - 已加载 17415 条历史记录
2025-07-30 08:17:28,149 - INFO - === 开始今日拉取 ===
2025-07-30 08:17:28,149 - INFO - 开始获取Doonsec RSS
2025-07-30 08:17:28,149 - INFO - 目标日期: 2025-07-30
2025-07-30 08:17:30,081 - INFO - Doonsec RSS请求成功
2025-07-30 08:17:30,083 - INFO - RSS中共有 200 个条目
2025-07-30 08:17:30,084 - INFO - Doonsec获取到 124 个2025-07-30的微信文章URL
2025-07-30 08:17:30,084 - INFO - ChainReactors md文件URL: https://raw.githubusercontent.com/chainreactors/picker/refs/heads/master/archive/daily/2025/2025-07-30.md
2025-07-30 08:17:30,099 - INFO - ChainReactors md文件下载状态码: 200
2025-07-30 08:17:30,101 - INFO - ChainReactors获取到 180 个URL
2025-07-30 08:17:30,101 - INFO - BruceFeIix md文件URL: https://raw.githubusercontent.com/BruceFeIix/picker/refs/heads/master/archive/daily/2025/2025-07-30.md
2025-07-30 08:17:30,114 - INFO - BruceFeIix md文件下载状态码: 200
2025-07-30 08:17:30,115 - INFO - BruceFeIix获取到 178 个URL
2025-07-30 08:17:30,115 - INFO - === 开始处理 2025-07-30 的数据 ===
2025-07-30 08:17:30,115 - INFO - Doonsec原始数据: 124 个
2025-07-30 08:17:30,115 - INFO - ChainReactors原始数据: 180 个
2025-07-30 08:17:30,115 - INFO - BruceFeIix原始数据: 178 个
2025-07-30 08:17:30,115 - INFO - 开始处理Doonsec数据...
2025-07-30 08:17:30,115 - INFO - 开始处理ChainReactors数据...
2025-07-30 08:17:30,116 - INFO - 开始处理BruceFeIix数据...
2025-07-30 08:17:30,116 - INFO - 去重后共 199 个URL待处理，跳过 283 个重复URL
2025-07-30 08:17:30,116 - INFO - 去重后统计 - Doonsec: 100 个, ChainReactors: 97 个, BruceFeIix: 2 个
2025-07-30 08:17:30,116 - INFO - === 开始关键词过滤 ===
2025-07-30 08:17:30,123 - INFO - 关键词过滤: 匹配 14 个，跳过 185 个
2025-07-30 08:17:30,123 - INFO - 关键词过滤后统计 - Doonsec: 14 个, ChainReactors: 0 个, BruceFeIix: 0 个
2025-07-30 08:17:30,143 - INFO - 已创建每日报告: md/2025-07-30.md
2025-07-30 08:17:30,143 - INFO - === 跳过二进制文件处理，只更新data.json ===
2025-07-30 08:17:30,173 - INFO - 已更新data.json，添加了 14 个URL
2025-07-30 08:17:30,173 - INFO - 已创建每日报告: md/2025-07-30.md
2025-07-30 08:17:30,174 - INFO - === 执行完成 ===
2025-07-30 12:45:17,862 - INFO - === 开始执行微信文章归档工具 ===
2025-07-30 12:45:17,863 - INFO - 数据文件: data.json
2025-07-30 12:45:17,863 - INFO - 可执行文件: ./bin/wechatmp2markdown-v1.1.11_linux_amd64
2025-07-30 12:45:17,863 - INFO - 文档目录: doc
2025-07-30 12:45:17,894 - INFO - 已加载 17429 条历史记录
2025-07-30 12:45:17,894 - INFO - === 开始今日拉取 ===
2025-07-30 12:45:17,895 - INFO - 开始获取Doonsec RSS
2025-07-30 12:45:17,895 - INFO - 目标日期: 2025-07-30
2025-07-30 12:45:19,580 - INFO - Doonsec RSS请求成功
2025-07-30 12:45:19,583 - INFO - RSS中共有 200 个条目
2025-07-30 12:45:19,583 - INFO - Doonsec获取到 200 个2025-07-30的微信文章URL
2025-07-30 12:45:19,584 - INFO - ChainReactors md文件URL: https://raw.githubusercontent.com/chainreactors/picker/refs/heads/master/archive/daily/2025/2025-07-30.md
2025-07-30 12:45:19,622 - INFO - ChainReactors md文件下载状态码: 200
2025-07-30 12:45:19,623 - INFO - ChainReactors获取到 180 个URL
2025-07-30 12:45:19,623 - INFO - BruceFeIix md文件URL: https://raw.githubusercontent.com/BruceFeIix/picker/refs/heads/master/archive/daily/2025/2025-07-30.md
2025-07-30 12:45:19,775 - INFO - BruceFeIix md文件下载状态码: 200
2025-07-30 12:45:19,776 - INFO - BruceFeIix获取到 178 个URL
2025-07-30 12:45:19,777 - INFO - === 开始处理 2025-07-30 的数据 ===
2025-07-30 12:45:19,777 - INFO - Doonsec原始数据: 200 个
2025-07-30 12:45:19,777 - INFO - ChainReactors原始数据: 180 个
2025-07-30 12:45:19,777 - INFO - BruceFeIix原始数据: 178 个
2025-07-30 12:45:19,777 - INFO - 开始处理Doonsec数据...
2025-07-30 12:45:19,777 - INFO - 开始处理ChainReactors数据...
2025-07-30 12:45:19,777 - INFO - 开始处理BruceFeIix数据...
2025-07-30 12:45:19,778 - INFO - 去重后共 266 个URL待处理，跳过 292 个重复URL
2025-07-30 12:45:19,778 - INFO - 去重后统计 - Doonsec: 167 个, ChainReactors: 97 个, BruceFeIix: 2 个
2025-07-30 12:45:19,778 - INFO - === 开始关键词过滤 ===
2025-07-30 12:45:19,787 - INFO - 关键词过滤: 匹配 34 个，跳过 232 个
2025-07-30 12:45:19,787 - INFO - 关键词过滤后统计 - Doonsec: 34 个, ChainReactors: 0 个, BruceFeIix: 0 个
2025-07-30 12:45:19,810 - INFO - 已创建每日报告: md/2025-07-30.md
2025-07-30 12:45:19,810 - INFO - === 跳过二进制文件处理，只更新data.json ===
2025-07-30 12:45:19,839 - INFO - 已更新data.json，添加了 34 个URL
2025-07-30 12:45:19,840 - INFO - 已创建每日报告: md/2025-07-30.md
2025-07-30 12:45:19,840 - INFO - === 执行完成 ===
2025-07-30 16:27:02,878 - INFO - === 开始执行微信文章归档工具 ===
2025-07-30 16:27:02,879 - INFO - 数据文件: data.json
2025-07-30 16:27:02,879 - INFO - 可执行文件: ./bin/wechatmp2markdown-v1.1.11_linux_amd64
2025-07-30 16:27:02,879 - INFO - 文档目录: doc
2025-07-30 16:27:02,911 - INFO - 已加载 17463 条历史记录
2025-07-30 16:27:02,911 - INFO - === 开始今日拉取 ===
2025-07-30 16:27:02,911 - INFO - 开始获取Doonsec RSS
2025-07-30 16:27:02,911 - INFO - 目标日期: 2025-07-30
2025-07-30 16:27:05,491 - INFO - Doonsec RSS请求成功
2025-07-30 16:27:05,493 - INFO - RSS中共有 200 个条目
2025-07-30 16:27:05,493 - INFO - Doonsec获取到 200 个2025-07-30的微信文章URL
2025-07-30 16:27:05,494 - INFO - ChainReactors md文件URL: https://raw.githubusercontent.com/chainreactors/picker/refs/heads/master/archive/daily/2025/2025-07-30.md
2025-07-30 16:27:05,504 - INFO - ChainReactors md文件下载状态码: 200
2025-07-30 16:27:05,506 - INFO - ChainReactors获取到 180 个URL
2025-07-30 16:27:05,506 - INFO - BruceFeIix md文件URL: https://raw.githubusercontent.com/BruceFeIix/picker/refs/heads/master/archive/daily/2025/2025-07-30.md
2025-07-30 16:27:05,514 - INFO - BruceFeIix md文件下载状态码: 200
2025-07-30 16:27:05,515 - INFO - BruceFeIix获取到 178 个URL
2025-07-30 16:27:05,516 - INFO - === 开始处理 2025-07-30 的数据 ===
2025-07-30 16:27:05,516 - INFO - Doonsec原始数据: 200 个
2025-07-30 16:27:05,516 - INFO - ChainReactors原始数据: 180 个
2025-07-30 16:27:05,516 - INFO - BruceFeIix原始数据: 178 个
2025-07-30 16:27:05,516 - INFO - 开始处理Doonsec数据...
2025-07-30 16:27:05,516 - INFO - 开始处理ChainReactors数据...
2025-07-30 16:27:05,516 - INFO - 开始处理BruceFeIix数据...
2025-07-30 16:27:05,517 - INFO - 去重后共 253 个URL待处理，跳过 305 个重复URL
2025-07-30 16:27:05,517 - INFO - 去重后统计 - Doonsec: 154 个, ChainReactors: 97 个, BruceFeIix: 2 个
2025-07-30 16:27:05,517 - INFO - === 开始关键词过滤 ===
2025-07-30 16:27:05,526 - INFO - 关键词过滤: 匹配 17 个，跳过 236 个
2025-07-30 16:27:05,526 - INFO - 关键词过滤后统计 - Doonsec: 17 个, ChainReactors: 0 个, BruceFeIix: 0 个
2025-07-30 16:27:05,539 - INFO - 已创建每日报告: md/2025-07-30.md
2025-07-30 16:27:05,539 - INFO - === 跳过二进制文件处理，只更新data.json ===
2025-07-30 16:27:05,569 - INFO - 已更新data.json，添加了 17 个URL
2025-07-30 16:27:05,570 - INFO - 已创建每日报告: md/2025-07-30.md
2025-07-30 16:27:05,570 - INFO - === 执行完成 ===
2025-07-30 20:21:57,336 - INFO - === 开始执行微信文章归档工具 ===
2025-07-30 20:21:57,336 - INFO - 数据文件: data.json
2025-07-30 20:21:57,336 - INFO - 可执行文件: ./bin/wechatmp2markdown-v1.1.11_linux_amd64
2025-07-30 20:21:57,337 - INFO - 文档目录: doc
2025-07-30 20:21:57,367 - INFO - 已加载 17480 条历史记录
2025-07-30 20:21:57,367 - INFO - === 开始今日拉取 ===
2025-07-30 20:21:57,367 - INFO - 开始获取Doonsec RSS
2025-07-30 20:21:57,367 - INFO - 目标日期: 2025-07-30
2025-07-30 20:22:00,156 - INFO - Doonsec RSS请求成功
2025-07-30 20:22:00,159 - INFO - RSS中共有 200 个条目
2025-07-30 20:22:00,159 - INFO - Doonsec获取到 186 个2025-07-30的微信文章URL
2025-07-30 20:22:00,159 - INFO - ChainReactors md文件URL: https://raw.githubusercontent.com/chainreactors/picker/refs/heads/master/archive/daily/2025/2025-07-30.md
2025-07-30 20:22:00,290 - INFO - ChainReactors md文件下载状态码: 200
2025-07-30 20:22:00,291 - INFO - ChainReactors获取到 180 个URL
2025-07-30 20:22:00,291 - INFO - BruceFeIix md文件URL: https://raw.githubusercontent.com/BruceFeIix/picker/refs/heads/master/archive/daily/2025/2025-07-30.md
2025-07-30 20:22:00,480 - INFO - BruceFeIix md文件下载状态码: 200
2025-07-30 20:22:00,481 - INFO - BruceFeIix获取到 178 个URL
2025-07-30 20:22:00,481 - INFO - === 开始处理 2025-07-30 的数据 ===
2025-07-30 20:22:00,482 - INFO - Doonsec原始数据: 186 个
2025-07-30 20:22:00,482 - INFO - ChainReactors原始数据: 180 个
2025-07-30 20:22:00,482 - INFO - BruceFeIix原始数据: 178 个
2025-07-30 20:22:00,482 - INFO - 开始处理Doonsec数据...
2025-07-30 20:22:00,482 - INFO - 开始处理ChainReactors数据...
2025-07-30 20:22:00,482 - INFO - 开始处理BruceFeIix数据...
2025-07-30 20:22:00,483 - INFO - 去重后共 223 个URL待处理，跳过 321 个重复URL
2025-07-30 20:22:00,483 - INFO - 去重后统计 - Doonsec: 124 个, ChainReactors: 97 个, BruceFeIix: 2 个
2025-07-30 20:22:00,483 - INFO - === 开始关键词过滤 ===
2025-07-30 20:22:00,491 - INFO - 关键词过滤: 匹配 0 个，跳过 223 个
2025-07-30 20:22:00,491 - INFO - 关键词过滤后统计 - Doonsec: 0 个, ChainReactors: 0 个, BruceFeIix: 0 个
2025-07-30 20:22:00,491 - INFO - === 跳过二进制文件处理，只更新data.json ===
2025-07-30 20:22:00,520 - INFO - 已更新data.json，添加了 0 个URL
2025-07-30 20:22:00,520 - INFO - === 执行完成 ===
